[2026-03-24 06:13:22] Fetching GitHub trending...
[2026-03-24 06:13:23] Generating newsletter...
[2026-03-24 06:13:23] Newsletter generated successfully
[2026-03-24 06:17:54] Fetching GitHub trending...
[2026-03-24 06:17:55] Generating newsletter with AI insights...
[2026-03-24 06:18:25] Newsletter generated successfully
[2026-03-24 06:19:59] Fetching GitHub trending...
[2026-03-24 06:20:00] Generating newsletter with AI insights...
[2026-03-24 06:20:30] Newsletter generated successfully
[2026-03-24 06:21:38] Fetching GitHub trending...
[2026-03-24 06:21:39] Generating newsletter...
[2026-03-24 06:21:39] Newsletter generated successfully
[2026-03-24 09:00:01] Fetching GitHub trending...
[2026-03-24 09:00:01] Fetching GitHub trending...
[2026-03-24 09:00:03] Generating newsletter...
[2026-03-24 09:00:03] Generating newsletter...
Done: newsletter_2026-03-24.md | 15 repos
[2026-03-24 09:00:03] Newsletter generated successfully
[2026-03-24 09:00:03] Newsletter generated successfully
[Tue Mar 24 12:56:31 PM CST 2026] Generating newsletter...
[2026-03-24 12:56:31] Fetching GitHub trending...
[2026-03-24 12:56:31] Fetching GitHub trending...
[2026-03-24 12:56:32] Generating newsletter...
[2026-03-24 12:56:32] Generating newsletter...
Done: newsletter_2026-03-24.md | 15 repos
[2026-03-24 12:56:32] Newsletter generated successfully
[2026-03-24 12:56:32] Newsletter generated successfully
[Tue Mar 24 12:56:32 PM CST 2026] Generating social content...
小红书 ✓
公众号 ✓

📈 GitHub 今日热门 TOP 15

═══════════════════════════════════
🗓️ 2026-03-24 程序员技术资讯

═══════════════════════════════════

🔴 1. codecrafters-io/build-your-own-x
   ⭐482.8k 📦 Markdown
   通过造轮子学编程 — 从零构建 Redis、Docker、Web服务器，动手理解核心技术的最佳实践。...

🔴 2. sindresorhus/awesome
   ⭐448.4k 📦 Unknown
   最大的 awesome 清单聚合 — 收录各编程领域的优质资源，是寻找工具和学习路径的一站式入口。...

🔴 3. freeCodeCamp/freeCodeCamp
   ⭐438.8k 🔷 TypeScript
   免费编程学习平台 — 涵盖前端、后端、数据科学全链路，零基础入门首选的开源学习社区。...

⚪ 4. public-apis/public-apis
   ⭐415.3k 🐍 Python
   免费 API 集合 — 收录数千个公共 API，分类清晰，是快速原型开发和小项目的宝藏资源库。...

⚪ 5. EbookFoundation/free-programming-books
   ⭐384.5k 🐍 Python
   免费编程书籍聚合 — 整理全球优质技术书籍，涵盖数十种语言，自学 CS 的利器。...

⚪ 6. kamranahmedse/developer-roadmap
   ⭐351.6k 🔷 TypeScript
   开发者成长路线图 — 前端/后端/运维/DevOps 等方向的学习路径，职业规划必备指南。...

⚪ 7. donnemartin/system-design-primer
   ⭐340.0k 🐍 Python
   系统设计入门 — Amazon/Facebook 工程师整理的大规模系统设计知识，面试和架构学习必看。...

⚪ 8. jwasham/coding-interview-university
   ⭐338.2k 📦 Unknown
   软件工程师学习计划 — 作者从零基础到入职 Amazon 的完整路径，算法和系统设计全覆盖。...

⚪ 9. openclaw/openclaw
   ⭐332.8k 🔷 TypeScript
   你的私人 AI 助手 — 跨平台跨系统的开源 Agent 实现，一行命令跑起来 😄...

───────────────────────────────────
👉 关注我，每天发现优质开源项目！
#程序员 #GitHub #开源 #技术资讯 #编程
[Tue Mar 24 12:56:32 PM CST 2026] Pushing to Feishu...
[2026-03-24 12:56:33.055980] ✅ Feishu push success to ou_d0142c3276f28f0bdea6f604fac0c1e1
[Tue Mar 24 12:56:33 PM CST 2026] Done
[Fri Mar 27 09:00:01 AM CST 2026] Generating newsletter...
[2026-03-27 09:00:01] Fetching GitHub trending...
[2026-03-27 09:00:01] Fetching GitHub trending...
[2026-03-27 09:00:03] Generating newsletter...
[2026-03-27 09:00:03] Generating newsletter...
Done: newsletter_2026-03-27.md | 15 repos
[2026-03-27 09:00:03] Newsletter generated successfully
[2026-03-27 09:00:03] Newsletter generated successfully
[Fri Mar 27 09:00:03 AM CST 2026] Generating social content...
小红书 ✓
公众号 ✓

📈 GitHub 今日热门 TOP 15

═══════════════════════════════════
🗓️ 2026-03-27 程序员技术资讯

═══════════════════════════════════

🔴 1. codecrafters-io/build-your-own-x
   ⭐483.7k 📦 Markdown
   通过造轮子学编程 — 从零构建 Redis、Docker、Web服务器，动手理解核心技术的最佳实践。...

🔴 2. sindresorhus/awesome
   ⭐449.2k 📦 Unknown
   最大的 awesome 清单聚合 — 收录各编程领域的优质资源，是寻找工具和学习路径的一站式入口。...

🔴 3. freeCodeCamp/freeCodeCamp
   ⭐438.9k 🔷 TypeScript
   免费编程学习平台 — 涵盖前端、后端、数据科学全链路，零基础入门首选的开源学习社区。...

⚪ 4. public-apis/public-apis
   ⭐416.5k 🐍 Python
   免费 API 集合 — 收录数千个公共 API，分类清晰，是快速原型开发和小项目的宝藏资源库。...

⚪ 5. EbookFoundation/free-programming-books
   ⭐384.6k 🐍 Python
   免费编程书籍聚合 — 整理全球优质技术书籍，涵盖数十种语言，自学 CS 的利器。...

⚪ 6. kamranahmedse/developer-roadmap
   ⭐351.7k 🔷 TypeScript
   开发者成长路线图 — 前端/后端/运维/DevOps 等方向的学习路径，职业规划必备指南。...

⚪ 7. donnemartin/system-design-primer
   ⭐340.3k 🐍 Python
   系统设计入门 — Amazon/Facebook 工程师整理的大规模系统设计知识，面试和架构学习必看。...

⚪ 8. jwasham/coding-interview-university
   ⭐338.3k 📦 Unknown
   软件工程师学习计划 — 作者从零基础到入职 Amazon 的完整路径，算法和系统设计全覆盖。...

⚪ 9. openclaw/openclaw
   ⭐337.4k 🔷 TypeScript
   你的私人 AI 助手 — 跨平台跨系统的开源 Agent 实现，一行命令跑起来 😄...

───────────────────────────────────
👉 关注我，每天发现优质开源项目！
#程序员 #GitHub #开源 #技术资讯 #编程
[Fri Mar 27 09:00:03 AM CST 2026] Generating cover image...
✅ v6头条封面: /root/newsletter/social/wechat_headline_2026-03-27.png
[Fri Mar 27 09:00:04 AM CST 2026] Pushing to Feishu...
[2026-03-27 09:00:04.980479] ✅ Feishu push success to ou_d0142c3276f28f0bdea6f604fac0c1e1
[Fri Mar 27 09:00:05 AM CST 2026] Sending image to Feishu...
/root/newsletter/daily.sh: line 20: node: command not found
[Fri Mar 27 09:00:05 AM CST 2026] Publishing to WeChat draft...
[2026-03-27 09:00:05.370834] Getting token...
[2026-03-27 09:00:05.820051] Uploading cover...
Thumb media_id: mIDVEOmq2z1Yy5W9e1RU0ttNby-Ey40w9W_mvXNIHbRoNtLWXHcQUZScl6NwuBnN
[2026-03-27 09:00:07.006925] Creating draft...
HTML length: 17075
✅ 草稿创建成功! media_id: mIDVEOmq2z1Yy5W9e1RU0nacc1k4j2odvxVuYK4tk462__5a4n35N9vPghTH4D4g
[Fri Mar 27 09:00:10 AM CST 2026] Done
[Sat Mar 28 09:00:01 AM CST 2026] Generating newsletter...
[2026-03-28 09:00:01] Fetching GitHub trending...
[2026-03-28 09:00:01] Fetching GitHub trending...
[2026-03-28 09:00:03] Generating newsletter...
[2026-03-28 09:00:03] Generating newsletter...
Done: newsletter_2026-03-28.md | 15 repos
[2026-03-28 09:00:03] Newsletter generated successfully
[2026-03-28 09:00:03] Newsletter generated successfully
[Sat Mar 28 09:00:03 AM CST 2026] Generating social content...
小红书 ✓
公众号 ✓

📈 GitHub 今日热门 TOP 15

═══════════════════════════════════
🗓️ 2026-03-28 程序员技术资讯

═══════════════════════════════════

🔴 1. codecrafters-io/build-your-own-x
   ⭐483.9k 📦 Markdown
   通过造轮子学编程 — 从零构建 Redis、Docker、Web服务器，动手理解核心技术的最佳实践。...

🔴 2. sindresorhus/awesome
   ⭐449.4k 📦 Unknown
   最大的 awesome 清单聚合 — 收录各编程领域的优质资源，是寻找工具和学习路径的一站式入口。...

🔴 3. freeCodeCamp/freeCodeCamp
   ⭐438.9k 🔷 TypeScript
   免费编程学习平台 — 涵盖前端、后端、数据科学全链路，零基础入门首选的开源学习社区。...

⚪ 4. public-apis/public-apis
   ⭐416.8k 🐍 Python
   免费 API 集合 — 收录数千个公共 API，分类清晰，是快速原型开发和小项目的宝藏资源库。...

⚪ 5. EbookFoundation/free-programming-books
   ⭐384.6k 🐍 Python
   免费编程书籍聚合 — 整理全球优质技术书籍，涵盖数十种语言，自学 CS 的利器。...

⚪ 6. kamranahmedse/developer-roadmap
   ⭐351.7k 🔷 TypeScript
   开发者成长路线图 — 前端/后端/运维/DevOps 等方向的学习路径，职业规划必备指南。...

⚪ 7. donnemartin/system-design-primer
   ⭐340.4k 🐍 Python
   系统设计入门 — Amazon/Facebook 工程师整理的大规模系统设计知识，面试和架构学习必看。...

⚪ 8. openclaw/openclaw
   ⭐338.6k 🔷 TypeScript
   你的私人 AI 助手 — 跨平台跨系统的开源 Agent 实现，一行命令跑起来 😄...

⚪ 9. jwasham/coding-interview-university
   ⭐338.3k 📦 Unknown
   软件工程师学习计划 — 作者从零基础到入职 Amazon 的完整路径，算法和系统设计全覆盖。...

───────────────────────────────────
👉 关注我，每天发现优质开源项目！
#程序员 #GitHub #开源 #技术资讯 #编程
[Sat Mar 28 09:00:03 AM CST 2026] Generating cover image...
✅ v6头条封面: /root/newsletter/social/wechat_headline_2026-03-28.png
[Sat Mar 28 09:00:03 AM CST 2026] Pushing to Feishu...
[2026-03-28 09:00:04.484022] ✅ Feishu push success to ou_d0142c3276f28f0bdea6f604fac0c1e1
[Sat Mar 28 09:00:04 AM CST 2026] Sending image to Feishu...
/root/newsletter/daily.sh: line 20: node: command not found
[Sat Mar 28 09:00:04 AM CST 2026] Publishing to WeChat draft...
[2026-03-28 09:00:04.865096] Getting token...
[2026-03-28 09:00:05.143925] Uploading cover...
Traceback (most recent call last):
  File "/root/newsletter/wechat_draft.py", line 175, in <module>
    thumb_id = upload_thumb(token, img_path)
               ^^^^^^^^^^^^^^^^^^^^^^^^^^^^^
  File "/root/newsletter/wechat_draft.py", line 141, in upload_thumb
    raise Exception(f'Upload failed: {result}')
Exception: Upload failed: {'errcode': 41001, 'errmsg': 'access_token missing rid: 69c72815-7d410e70-56b268a0'}
[Sat Mar 28 09:00:05 AM CST 2026] Done
[2026-03-28 09:21:01] Fetching GitHub trending...
[2026-03-28 09:21:03] Generating newsletter...
[2026-03-28 09:21:03] Newsletter generated successfully
[2026-03-28 14:35:23] Fetching GitHub trending...
[2026-03-28 14:35:27] Generating newsletter...
[2026-03-28 14:35:27] Newsletter generated successfully
